<?xml version="1.0" encoding="UTF-8"?>
<!-- Generated by org.testng.reporters.JUnitReportReporter -->
<testsuite skipped="0" hostname="LAPTOP-4G7UM97N" name="testBatches.TestBatches" tests="1" failures="0" timestamp="07 Feb 2022 11:29:33 GMT" time="6.513" errors="0">
  <testcase name="runUserChoice" time="6.513" classname="testBatches.TestBatches"/>
</testsuite> <!-- testBatches.TestBatches -->
